<?xml version="1.0" encoding="UTF-8"?>
<!-- Generated by org.testng.reporters.JUnitXMLReporter -->
<testsuite ignored="0" hostname="LAPTOP-FU74VF0U" failures="0" tests="4" name="Default test" time="5.748" errors="0" timestamp="2022-08-25T13:18:40 HAE">
  <testcase classname="testcases.GoogleMap" name="addNewPlace" time="3.043"/>
  <testcase classname="testcases.GoogleMap" name="updatePlace" time="0.92"/>
  <testcase classname="testcases.GoogleMap" name="getPlace" time="0.816"/>
  <testcase classname="testcases.GoogleMap" name="deletePlace" time="0.922"/>
</testsuite> <!-- Default test -->
