<?xml version="1.0" encoding="UTF-8"?>
<!-- Generated by org.testng.reporters.JUnitXMLReporter -->
<testsuite ignored="0" hostname="LAPTOP-FU74VF0U" failures="0" tests="4" name="Test" time="6.223" errors="0" timestamp="2022-08-25T14:13:42 HAE">
  <testcase classname="testcases.GoogleMap" name="addNewPlace" time="3.484"/>
  <testcase classname="testcases.GoogleMap" name="updatePlace" time="0.947"/>
  <testcase classname="testcases.GoogleMap" name="getPlace" time="0.844"/>
  <testcase classname="testcases.GoogleMap" name="deletePlace" time="0.917"/>
</testsuite> <!-- Test -->
