<?xml version="1.0" encoding="UTF-8"?>
<testng-results ignored="0" total="4" passed="4" failed="0" skipped="0">
  <reporter-output>
  </reporter-output>
  <suite started-at="2022-08-25T14:13:36 HAE" name="Suite" finished-at="2022-08-25T14:13:42 HAE" duration-ms="6223">
    <groups>
    </groups>
    <test started-at="2022-08-25T14:13:36 HAE" name="Test" finished-at="2022-08-25T14:13:42 HAE" duration-ms="6223">
      <class name="testcases.GoogleMap">
        <test-method signature="addNewPlace()[pri:1, instance:testcases.GoogleMap@1e6454ec]" started-at="2022-08-25T14:13:36 HAE" name="addNewPlace" finished-at="2022-08-25T14:13:39 HAE" duration-ms="3484" status="PASS">
          <reporter-output>
          </reporter-output>
        </test-method> <!-- addNewPlace -->
        <test-method signature="updatePlace()[pri:2, instance:testcases.GoogleMap@1e6454ec]" started-at="2022-08-25T14:13:39 HAE" name="updatePlace" finished-at="2022-08-25T14:13:40 HAE" duration-ms="947" status="PASS">
          <reporter-output>
          </reporter-output>
        </test-method> <!-- updatePlace -->
        <test-method signature="getPlace()[pri:3, instance:testcases.GoogleMap@1e6454ec]" started-at="2022-08-25T14:13:40 HAE" name="getPlace" finished-at="2022-08-25T14:13:41 HAE" duration-ms="844" status="PASS">
          <reporter-output>
          </reporter-output>
        </test-method> <!-- getPlace -->
        <test-method signature="deletePlace()[pri:4, instance:testcases.GoogleMap@1e6454ec]" started-at="2022-08-25T14:13:41 HAE" name="deletePlace" finished-at="2022-08-25T14:13:42 HAE" duration-ms="917" status="PASS">
          <reporter-output>
          </reporter-output>
        </test-method> <!-- deletePlace -->
      </class> <!-- testcases.GoogleMap -->
    </test> <!-- Test -->
  </suite> <!-- Suite -->
</testng-results>
